<?xml version="1.0" encoding="UTF-8"?>
<testsuites>
    <testsuite name="user-registration;registration-happy-path" tests="3" failures="1" skipped="1">
        <properties>
            <property name="URI" value="/home/tav/GIT/cursoqa/clase2/features/registration.feature">
            </property>
        </properties>
        <testcase name="When I go to the registration page" classname="user-registration;registration-happy-path" time="4.692135853">
        </testcase>
        <testcase name="And Fill the registration form properly" classname="user-registration;registration-happy-path" time="10.0018078">
            <failure message="function timed out after 10000 milliseconds">function timed out after 10000 milliseconds</failure>
        </testcase>
        <testcase name="Then I should see a message saying an email was sent" classname="user-registration;registration-happy-path">
            <skipped message="">
            </skipped>
        </testcase>
    </testsuite>
</testsuites>